Unity Editor version:    2021.3.3f1 (af2e63e8f9bd)
Branch:                  2021.3/staging
Build type:              Release
Batch mode:              YES
macOS version:           Version 12.4 (Build 21F79)
Darwin version:          21.5.0
Architecture:            x86_64
Running under Rosetta:   NO
Available memory:        8192 MB
Using pre-set license
Pro License: YES

COMMAND LINE ARGUMENTS:
/Applications/Unity/Hub/Editor/2021.3.3f1/Unity.app/Contents/MacOS/Unity
-adb2
-batchMode
-noUpm
-name
AssetImportWorker0
-projectPath
/Users/mucheng/Desktop/NEU/Research/VRDevelopment/VR DoE App
-logFile
Logs/AssetImportWorker0.log
-srvPort
50466
Successfully changed project path to: /Users/mucheng/Desktop/NEU/Research/VRDevelopment/VR DoE App
/Users/mucheng/Desktop/NEU/Research/VRDevelopment/VR DoE App
[UnityMemory] Configuration Parameters - Can be set up in boot.config
    "memorysetup-bucket-allocator-granularity=16"
    "memorysetup-bucket-allocator-bucket-count=8"
    "memorysetup-bucket-allocator-block-size=33554432"
    "memorysetup-bucket-allocator-block-count=8"
    "memorysetup-main-allocator-block-size=16777216"
    "memorysetup-thread-allocator-block-size=16777216"
    "memorysetup-gfx-main-allocator-block-size=16777216"
    "memorysetup-gfx-thread-allocator-block-size=16777216"
    "memorysetup-cache-allocator-block-size=4194304"
    "memorysetup-typetree-allocator-block-size=2097152"
    "memorysetup-profiler-bucket-allocator-granularity=16"
    "memorysetup-profiler-bucket-allocator-bucket-count=8"
    "memorysetup-profiler-bucket-allocator-block-size=33554432"
    "memorysetup-profiler-bucket-allocator-block-count=8"
    "memorysetup-profiler-allocator-block-size=16777216"
    "memorysetup-profiler-editor-allocator-block-size=1048576"
    "memorysetup-temp-allocator-size-main=16777216"
    "memorysetup-job-temp-allocator-block-size=2097152"
    "memorysetup-job-temp-allocator-block-size-background=1048576"
    "memorysetup-job-temp-allocator-reduction-small-platforms=262144"
    "memorysetup-temp-allocator-size-background-worker=32768"
    "memorysetup-temp-allocator-size-job-worker=262144"
    "memorysetup-temp-allocator-size-preload-manager=33554432"
    "memorysetup-temp-allocator-size-nav-mesh-worker=65536"
    "memorysetup-temp-allocator-size-audio-worker=65536"
    "memorysetup-temp-allocator-size-cloud-worker=32768"
    "memorysetup-temp-allocator-size-gi-baking-worker=262144"
    "memorysetup-temp-allocator-size-gfx=262144"
Refreshing native plugins compatible for Editor in 253.74 ms, found 2 plugins.
Preloading 0 native plugins for Editor in 0.00 ms.
Initialize engine version: 2021.3.3f1 (af2e63e8f9bd)
[Subsystems] Discovering subsystems at path /Applications/Unity/Hub/Editor/2021.3.3f1/Unity.app/Contents/Resources/UnitySubsystems
[Subsystems] Discovering subsystems at path /Users/mucheng/Desktop/NEU/Research/VRDevelopment/VR DoE App/Assets
GfxDevice: creating device client; threaded=0; jobified=0
Color LCD preferred device: Intel(R) Iris(TM) Graphics 550 (low power)
Metal devices available: 1
0: Intel(R) Iris(TM) Graphics 550 (low power)
Using device Intel(R) Iris(TM) Graphics 550 (low power)
Initializing Metal device caps: Intel(R) Iris(TM) Graphics 550
Initialize mono
Mono path[0] = '/Applications/Unity/Hub/Editor/2021.3.3f1/Unity.app/Contents/Managed'
Mono path[1] = '/Applications/Unity/Hub/Editor/2021.3.3f1/Unity.app/Contents/MonoBleedingEdge/lib/mono/unityjit-macos'
Mono config path = '/Applications/Unity/Hub/Editor/2021.3.3f1/Unity.app/Contents/MonoBleedingEdge/etc'
Using monoOptions --debugger-agent=transport=dt_socket,embedding=1,server=y,suspend=n,address=127.0.0.1:56347
Begin MonoManager ReloadAssembly
Registering precompiled unity dll's ...
Register platform support module: /Applications/Unity/Hub/Editor/2021.3.3f1/Unity.app/Contents/PlaybackEngines/MacStandaloneSupport/UnityEditor.OSXStandalone.Extensions.dll
Register platform support module: /Applications/Unity/Hub/Editor/2021.3.3f1/PlaybackEngines/AndroidPlayer/UnityEditor.Android.Extensions.dll
Register platform support module: /Applications/Unity/Hub/Editor/2021.3.3f1/PlaybackEngines/iOSSupport/UnityEditor.iOS.Extensions.dll
Registered in 0.003051 seconds.
[usbmuxd] Start listen thread
[usbmuxd] Listen thread started
[usbmuxd] Send listen message
Native extension for iOS target not found
Native extension for Android target not found
Native extension for OSXStandalone target not found
Refreshing native plugins compatible for Editor in 251.53 ms, found 2 plugins.
Preloading 0 native plugins for Editor in 0.00 ms.
Mono: successfully reloaded assembly
- Completed reload, in  1.924 seconds
Domain Reload Profiling:
	ReloadAssembly (1925ms)
		BeginReloadAssembly (121ms)
			ExecutionOrderSort (0ms)
			DisableScriptedObjects (0ms)
			BackupInstance (0ms)
			ReleaseScriptingObjects (0ms)
			CreateAndSetChildDomain (2ms)
		EndReloadAssembly (1491ms)
			LoadAssemblies (121ms)
			RebuildTransferFunctionScriptingTraits (0ms)
			SetupTypeCache (347ms)
			ReleaseScriptCaches (0ms)
			RebuildScriptCaches (94ms)
			SetupLoadedEditorAssemblies (918ms)
				LogAssemblyErrors (0ms)
				InitializePlatformSupportModulesInManaged (301ms)
				SetLoadedEditorAssemblies (2ms)
				RefreshPlugins (252ms)
				BeforeProcessingInitializeOnLoad (3ms)
				ProcessInitializeOnLoadAttributes (239ms)
				ProcessInitializeOnLoadMethodAttributes (122ms)
				AfterProcessingInitializeOnLoad (0ms)
				EditorAssembliesLoaded (0ms)
			ExecutionOrderSort2 (0ms)
			AwakeInstancesAfterBackupRestoration (0ms)
Platform modules already initialized, skipping
Registering precompiled user dll's ...
Registered in 0.004863 seconds.
Begin MonoManager ReloadAssembly
Symbol file LoadedFromMemory doesn't match image /Users/mucheng/Desktop/NEU/Research/VRDevelopment/VR DoE App/Library/PackageCache/com.unity.visualscripting@1.7.6/Editor/VisualScripting.Core/Dependencies/YamlDotNet/Unity.VisualScripting.YamlDotNet.dll
Symbol file LoadedFromMemory doesn't match image /Users/mucheng/Desktop/NEU/Research/VRDevelopment/VR DoE App/Library/PackageCache/com.unity.visualscripting@1.7.6/Editor/VisualScripting.Core/Dependencies/DotNetZip/Unity.VisualScripting.IonicZip.dll
Native extension for iOS target not found
Native extension for Android target not found
Native extension for OSXStandalone target not found
Refreshing native plugins compatible for Editor in 1.14 ms, found 2 plugins.
Preloading 0 native plugins for Editor in 0.00 ms.
Mono: successfully reloaded assembly
- Completed reload, in  3.041 seconds
Domain Reload Profiling:
	ReloadAssembly (3043ms)
		BeginReloadAssembly (391ms)
			ExecutionOrderSort (0ms)
			DisableScriptedObjects (16ms)
			BackupInstance (0ms)
			ReleaseScriptingObjects (1ms)
			CreateAndSetChildDomain (166ms)
		EndReloadAssembly (2277ms)
			LoadAssemblies (189ms)
			RebuildTransferFunctionScriptingTraits (0ms)
			SetupTypeCache (787ms)
			ReleaseScriptCaches (10ms)
			RebuildScriptCaches (175ms)
			SetupLoadedEditorAssemblies (970ms)
				LogAssemblyErrors (0ms)
				InitializePlatformSupportModulesInManaged (59ms)
				SetLoadedEditorAssemblies (1ms)
				RefreshPlugins (1ms)
				BeforeProcessingInitializeOnLoad (208ms)
				ProcessInitializeOnLoadAttributes (624ms)
				ProcessInitializeOnLoadMethodAttributes (73ms)
				AfterProcessingInitializeOnLoad (2ms)
				EditorAssembliesLoaded (0ms)
			ExecutionOrderSort2 (0ms)
			AwakeInstancesAfterBackupRestoration (9ms)
Platform modules already initialized, skipping
========================================================================
Worker process is ready to serve import requests
Launching external process: /Applications/Unity/Hub/Editor/2021.3.3f1/Unity.app/Contents/Tools/UnityShaderCompiler
Launched and connected shader compiler UnityShaderCompiler after 0.16 seconds
Refreshing native plugins compatible for Editor in 1.03 ms, found 2 plugins.
Preloading 0 native plugins for Editor in 0.00 ms.
Unloading 3360 Unused Serialized files (Serialized files now loaded: 0)
Unloading 26 unused Assets / (95.5 KB). Loaded Objects now: 3819.
Memory consumption went from 227.4 MB to 227.4 MB.
Total: 7.141369 ms (FindLiveObjects: 0.440695 ms CreateObjectMapping: 0.320143 ms MarkObjects: 6.123997 ms  DeleteObjects: 0.254843 ms)

AssetImportParameters requested are different than current active one (requested -> active):
  custom:video-decoder-ogg-theora: a1e56fd34408186e4bbccfd4996cb3dc -> 
  custom:container-muxer-webm: aa71ff27fc2769a1b78a27578f13a17b -> 
  custom:container-demuxer-webm: 4f35f7cbe854078d1ac9338744f61a02 -> 
  custom:video-encoder-webm-vp8: eb34c28f22e8b96e1ab97ce403110664 -> 
  custom:framework-osx-AVFoundation: e770b220cccbd017edd2c1fefb359320 -> 
  custom:audio-encoder-webm-vorbis: bf7c407c2cedff20999df2af8eb42d56 -> 
  custom:container-demuxer-ogg: 62fdf1f143b41e24485cea50d1cbac27 -> 
  custom:video-decoder-webm-vp8: 9c59270c3fd7afecdb556c50c9e8de78 -> 
  custom:audio-decoder-ogg-vorbis: bf7c407c2cedff20999df2af8eb42d56 -> 
========================================================================
Received Import Request.
  Time since last request: 6021.023778 seconds.
  path: Assets/Scripts
  artifactKey: Guid(685aaa32cc4f34e30bb1ad03b5c33622) Importer(815301076,1909f56bfc062723c751e8b465ee728b)
Start importing Assets/Scripts using Guid(685aaa32cc4f34e30bb1ad03b5c33622) Importer(815301076,1909f56bfc062723c751e8b465ee728b)  -> (artifact id: '410c17bcfe000105ee7734b3b40df774') in 0.011466 seconds 
========================================================================
Received Import Request.
  Time since last request: 12.275380 seconds.
  path: Assets/Environment
  artifactKey: Guid(51d108ce97fb14eb886523297cca0705) Importer(815301076,1909f56bfc062723c751e8b465ee728b)
Start importing Assets/Environment using Guid(51d108ce97fb14eb886523297cca0705) Importer(815301076,1909f56bfc062723c751e8b465ee728b)  -> (artifact id: 'd4f7017fac9387ee2e8b01f3fbd55bd9') in 0.002396 seconds 
========================================================================
Received Import Request.
  Time since last request: 7.817539 seconds.
  path: Assets/Scenes
  artifactKey: Guid(6ea315d0fd7389c41b19996891e99ae3) Importer(815301076,1909f56bfc062723c751e8b465ee728b)
Start importing Assets/Scenes using Guid(6ea315d0fd7389c41b19996891e99ae3) Importer(815301076,1909f56bfc062723c751e8b465ee728b)  -> (artifact id: 'b8193726cff86800c54781cdc6d54904') in 0.003480 seconds 
========================================================================
Received Import Request.
  Time since last request: 3.486466 seconds.
  path: Assets/Scenes/SampleScene.unity
  artifactKey: Guid(9fc0d4010bbf28b4594072e72b8655ab) Importer(815301076,1909f56bfc062723c751e8b465ee728b)
Start importing Assets/Scenes/SampleScene.unity using Guid(9fc0d4010bbf28b4594072e72b8655ab) Importer(815301076,1909f56bfc062723c751e8b465ee728b)  -> (artifact id: 'e55ccaa32d8e5c1de03c07a5412c8c3c') in 0.001519 seconds 
========================================================================
Received Import Request.
  Time since last request: 161.709303 seconds.
  path: Assets/Scenes/UserFormScene.unity
  artifactKey: Guid(9fc0d4010bbf28b4594072e72b8655ab) Importer(815301076,1909f56bfc062723c751e8b465ee728b)
Start importing Assets/Scenes/UserFormScene.unity using Guid(9fc0d4010bbf28b4594072e72b8655ab) Importer(815301076,1909f56bfc062723c751e8b465ee728b)  -> (artifact id: '15a7feed982cfdbde8e92e28b8f00ae0') in 0.003157 seconds 
========================================================================
Received Import Request.
  Time since last request: 71.618823 seconds.
  path: Assets/Scenes/CLabScene.unity
  artifactKey: Guid(a327a429fa3e34ef2b3e8b8b8c460a74) Importer(815301076,1909f56bfc062723c751e8b465ee728b)
Start importing Assets/Scenes/CLabScene.unity using Guid(a327a429fa3e34ef2b3e8b8b8c460a74) Importer(815301076,1909f56bfc062723c751e8b465ee728b)  -> (artifact id: '66ec8646ed85f4ba25e208e33bf7711c') in 0.001619 seconds 
========================================================================
Received Import Request.
  Time since last request: 11.507130 seconds.
  path: Assets/Scenes/CLab.unity
  artifactKey: Guid(a327a429fa3e34ef2b3e8b8b8c460a74) Importer(815301076,1909f56bfc062723c751e8b465ee728b)
Start importing Assets/Scenes/CLab.unity using Guid(a327a429fa3e34ef2b3e8b8b8c460a74) Importer(815301076,1909f56bfc062723c751e8b465ee728b)  -> (artifact id: '0e1519d747f49b924423ad8a24af440d') in 0.004555 seconds 
========================================================================
Received Import Request.
  Time since last request: 13.147189 seconds.
  path: Assets/Scenes/Questionaire.unity
  artifactKey: Guid(c7da6acc2bd2a4898b695f5ff3377ba2) Importer(815301076,1909f56bfc062723c751e8b465ee728b)
Start importing Assets/Scenes/Questionaire.unity using Guid(c7da6acc2bd2a4898b695f5ff3377ba2) Importer(815301076,1909f56bfc062723c751e8b465ee728b)  -> (artifact id: 'f483e5ee62b00912e80ee3919e207e44') in 0.001652 seconds 
========================================================================
Received Import Request.
  Time since last request: 31.184549 seconds.
  path: Assets/Scenes/End.unity
  artifactKey: Guid(5c8c36f1ce08343399b4b97ef6cadd3d) Importer(815301076,1909f56bfc062723c751e8b465ee728b)
Start importing Assets/Scenes/End.unity using Guid(5c8c36f1ce08343399b4b97ef6cadd3d) Importer(815301076,1909f56bfc062723c751e8b465ee728b)  -> (artifact id: '39c2958968a44d64b628b7f9df1e80c1') in 0.002041 seconds 
========================================================================
Received Import Request.
  Time since last request: 86.992853 seconds.
  path: Assets/Scenes/UserForm.unity
  artifactKey: Guid(9fc0d4010bbf28b4594072e72b8655ab) Importer(815301076,1909f56bfc062723c751e8b465ee728b)
Start importing Assets/Scenes/UserForm.unity using Guid(9fc0d4010bbf28b4594072e72b8655ab) Importer(815301076,1909f56bfc062723c751e8b465ee728b)  -> (artifact id: '70f375280a54ad48412ba159300856d3') in 0.003117 seconds 
========================================================================
Received Import Request.
  Time since last request: 248.409618 seconds.
  path: Assets/New Folder
  artifactKey: Guid(e5693876c13904687b2eabef3b6c9b5c) Importer(815301076,1909f56bfc062723c751e8b465ee728b)
Start importing Assets/New Folder using Guid(e5693876c13904687b2eabef3b6c9b5c) Importer(815301076,1909f56bfc062723c751e8b465ee728b)  -> (artifact id: 'd96d0000c8c3ab8ba30dcafe12b533d2') in 0.002129 seconds 
========================================================================
Received Import Request.
  Time since last request: 46.615776 seconds.
  path: Assets/Dark UI
  artifactKey: Guid(2bd5cb2fa1fad4bfc94de90e1beff79d) Importer(815301076,1909f56bfc062723c751e8b465ee728b)
Start importing Assets/Dark UI using Guid(2bd5cb2fa1fad4bfc94de90e1beff79d) Importer(815301076,1909f56bfc062723c751e8b465ee728b)  -> (artifact id: '5937b0d88b24d7318ab0ec1459ccfaa1') in 0.003141 seconds 
========================================================================
Received Import Request.
  Time since last request: 16.474204 seconds.
  path: Assets/Dark UI/DarkUI.unity
  artifactKey: Guid(7941847cbaa79c54c98c22699adc3dc9) Importer(815301076,1909f56bfc062723c751e8b465ee728b)
Start importing Assets/Dark UI/DarkUI.unity using Guid(7941847cbaa79c54c98c22699adc3dc9) Importer(815301076,1909f56bfc062723c751e8b465ee728b)  -> (artifact id: '07a5d2dc25d80aa951624ca25e242afd') in 0.003177 seconds 
========================================================================
Received Import Request.
  Time since last request: 4.610027 seconds.
  path: Assets/Dark UI/Prefabs Panel
  artifactKey: Guid(6fb2f256455c7844a8b90772bfcfefe4) Importer(815301076,1909f56bfc062723c751e8b465ee728b)
Start importing Assets/Dark UI/Prefabs Panel using Guid(6fb2f256455c7844a8b90772bfcfefe4) Importer(815301076,1909f56bfc062723c751e8b465ee728b)  -> (artifact id: 'bd66e6112a0e88ad1b7fdfe5946ecbd1') in 0.002736 seconds 
========================================================================
Received Import Request.
  Time since last request: 0.045946 seconds.
  path: Assets/Dark UI/Prefabs Panel/Facebook Login.prefab
  artifactKey: Guid(e2541b822c0a4a5438b4f733059d8286) Importer(815301076,1909f56bfc062723c751e8b465ee728b)
Start importing Assets/Dark UI/Prefabs Panel/Facebook Login.prefab using Guid(e2541b822c0a4a5438b4f733059d8286) Importer(815301076,1909f56bfc062723c751e8b465ee728b)  -> (artifact id: 'd49295c299f3f74a5b0a49b81d32f1a5') in 0.499537 seconds 
========================================================================
Received Import Request.
  Time since last request: 0.000138 seconds.
  path: Assets/Dark UI/Prefabs Panel/Shop.prefab
  artifactKey: Guid(686e6f1ff32dc7d4793bde86c1863b58) Importer(815301076,1909f56bfc062723c751e8b465ee728b)
Start importing Assets/Dark UI/Prefabs Panel/Shop.prefab using Guid(686e6f1ff32dc7d4793bde86c1863b58) Importer(815301076,1909f56bfc062723c751e8b465ee728b)  -> (artifact id: 'c462cee6c663d87b500830de2c907832') in 0.029438 seconds 
========================================================================
Received Import Request.
  Time since last request: 0.003158 seconds.
  path: Assets/Dark UI/Prefabs Panel/Inventory Panel.prefab
  artifactKey: Guid(7b9531949e32e694493f68b06afcf377) Importer(815301076,1909f56bfc062723c751e8b465ee728b)
Start importing Assets/Dark UI/Prefabs Panel/Inventory Panel.prefab using Guid(7b9531949e32e694493f68b06afcf377) Importer(815301076,1909f56bfc062723c751e8b465ee728b)  -> (artifact id: '014e6a90dd911c25465716d235935677') in 0.026267 seconds 
========================================================================
Received Import Request.
  Time since last request: 0.000478 seconds.
  path: Assets/Dark UI/Prefabs Panel/Lose.prefab
  artifactKey: Guid(4ff6657e846bbad48913cd9657429b20) Importer(815301076,1909f56bfc062723c751e8b465ee728b)
Start importing Assets/Dark UI/Prefabs Panel/Lose.prefab using Guid(4ff6657e846bbad48913cd9657429b20) Importer(815301076,1909f56bfc062723c751e8b465ee728b)  -> (artifact id: '61f60957e2275816ae0e511a05a3fe10') in 0.014083 seconds 
========================================================================
Received Import Request.
  Time since last request: 0.000104 seconds.
  path: Assets/Dark UI/Prefabs Panel/Settings.prefab
  artifactKey: Guid(f9388a690e3af3a4eb91e6679ea0affd) Importer(815301076,1909f56bfc062723c751e8b465ee728b)
Start importing Assets/Dark UI/Prefabs Panel/Settings.prefab using Guid(f9388a690e3af3a4eb91e6679ea0affd) Importer(815301076,1909f56bfc062723c751e8b465ee728b)  -> (artifact id: '48ae3c58599b164021a1e9796f08b3fc') in 0.018340 seconds 
========================================================================
Received Import Request.
  Time since last request: 0.000140 seconds.
  path: Assets/Dark UI/Prefabs Panel/Panel.prefab
  artifactKey: Guid(d9f1eab8509cab84c8deac6f16b2db0c) Importer(815301076,1909f56bfc062723c751e8b465ee728b)
Start importing Assets/Dark UI/Prefabs Panel/Panel.prefab using Guid(d9f1eab8509cab84c8deac6f16b2db0c) Importer(815301076,1909f56bfc062723c751e8b465ee728b)  -> (artifact id: '3854cb07fb8f595fb47548bd26c2b049') in 0.011481 seconds 
========================================================================
Received Import Request.
  Time since last request: 0.000139 seconds.
  path: Assets/Dark UI/Prefabs Panel/My Info Panel.prefab
  artifactKey: Guid(ba3a1aee54ab6804abce9e7e68ce679f) Importer(815301076,1909f56bfc062723c751e8b465ee728b)
Start importing Assets/Dark UI/Prefabs Panel/My Info Panel.prefab using Guid(ba3a1aee54ab6804abce9e7e68ce679f) Importer(815301076,1909f56bfc062723c751e8b465ee728b)  -> (artifact id: '34fc892c491ab503b0e902c86b1ce7a4') in 0.018795 seconds 
========================================================================
Received Import Request.
  Time since last request: 0.000113 seconds.
  path: Assets/Dark UI/Prefabs Panel/Win.prefab
  artifactKey: Guid(0d8b9493ff4401d43bc6ea9f344235d5) Importer(815301076,1909f56bfc062723c751e8b465ee728b)
Start importing Assets/Dark UI/Prefabs Panel/Win.prefab using Guid(0d8b9493ff4401d43bc6ea9f344235d5) Importer(815301076,1909f56bfc062723c751e8b465ee728b)  -> (artifact id: '2892abda0c70af1d1e56b11071d50be2') in 0.009154 seconds 
========================================================================
Received Import Request.
  Time since last request: 0.002623 seconds.
  path: Assets/Dark UI/Prefabs Panel/Ranking.prefab
  artifactKey: Guid(eb6a70d5d0019934d9b19badc9144ac5) Importer(815301076,1909f56bfc062723c751e8b465ee728b)
Start importing Assets/Dark UI/Prefabs Panel/Ranking.prefab using Guid(eb6a70d5d0019934d9b19badc9144ac5) Importer(815301076,1909f56bfc062723c751e8b465ee728b)  -> (artifact id: 'c4e1132b57950f74e1c069ca0b2d2c37') in 0.030543 seconds 
========================================================================
Received Import Request.
  Time since last request: 0.001993 seconds.
  path: Assets/Dark UI/Prefabs Panel/Missions.prefab
  artifactKey: Guid(88bfb9db2b5e692439d24a9c469a31b9) Importer(815301076,1909f56bfc062723c751e8b465ee728b)
Start importing Assets/Dark UI/Prefabs Panel/Missions.prefab using Guid(88bfb9db2b5e692439d24a9c469a31b9) Importer(815301076,1909f56bfc062723c751e8b465ee728b)  -> (artifact id: '091c6aaf86faeeb339ba11ce5fbfd505') in 0.022463 seconds 
========================================================================
Received Import Request.
  Time since last request: 3.457419 seconds.
  path: Assets/Dark UI/Prefabs Buttons
  artifactKey: Guid(717418137d07a0041b9d5873e637f4bc) Importer(815301076,1909f56bfc062723c751e8b465ee728b)
Start importing Assets/Dark UI/Prefabs Buttons using Guid(717418137d07a0041b9d5873e637f4bc) Importer(815301076,1909f56bfc062723c751e8b465ee728b)  -> (artifact id: 'a1dfe62df3f797e5907777262dfa6886') in 0.004227 seconds 
========================================================================
Received Import Request.
  Time since last request: 0.048517 seconds.
  path: Assets/Dark UI/Prefabs Buttons/Close Button.prefab
  artifactKey: Guid(363f1e424d5e7fa40b7181fc5586a869) Importer(815301076,1909f56bfc062723c751e8b465ee728b)
Start importing Assets/Dark UI/Prefabs Buttons/Close Button.prefab using Guid(363f1e424d5e7fa40b7181fc5586a869) Importer(815301076,1909f56bfc062723c751e8b465ee728b)  -> (artifact id: '966c99b8ce919a0df014c154f860899b') in 0.016111 seconds 
========================================================================
Received Import Request.
  Time since last request: 0.000108 seconds.
  path: Assets/Dark UI/Prefabs Buttons/Music.prefab
  artifactKey: Guid(ab21d8b2955e7214da58a9623ed6830c) Importer(815301076,1909f56bfc062723c751e8b465ee728b)
Start importing Assets/Dark UI/Prefabs Buttons/Music.prefab using Guid(ab21d8b2955e7214da58a9623ed6830c) Importer(815301076,1909f56bfc062723c751e8b465ee728b)  -> (artifact id: '60b4ebdbfbc028feec9b768c22a7d141') in 0.013493 seconds 
========================================================================
Received Import Request.
  Time since last request: 0.000489 seconds.
  path: Assets/Dark UI/Prefabs Buttons/Messages Button.prefab
  artifactKey: Guid(931fec1e23bc2ee40a548c3ee04bfff1) Importer(815301076,1909f56bfc062723c751e8b465ee728b)
Start importing Assets/Dark UI/Prefabs Buttons/Messages Button.prefab using Guid(931fec1e23bc2ee40a548c3ee04bfff1) Importer(815301076,1909f56bfc062723c751e8b465ee728b)  -> (artifact id: '8bce30da5ec0b5aa2b678d0afcafc71b') in 0.013686 seconds 
========================================================================
Received Import Request.
  Time since last request: 0.000126 seconds.
  path: Assets/Dark UI/Prefabs Buttons/Shop.prefab
  artifactKey: Guid(8e718c86e1a7ee644bc43222ab08b2e1) Importer(815301076,1909f56bfc062723c751e8b465ee728b)
Start importing Assets/Dark UI/Prefabs Buttons/Shop.prefab using Guid(8e718c86e1a7ee644bc43222ab08b2e1) Importer(815301076,1909f56bfc062723c751e8b465ee728b)  -> (artifact id: '7bbd0d6fd061da9411c240c59734807c') in 0.008296 seconds 
========================================================================
Received Import Request.
  Time since last request: 0.000075 seconds.
  path: Assets/Dark UI/Prefabs Buttons/Ranking Button.prefab
  artifactKey: Guid(7d456eabe338b954cad35537f8d6df48) Importer(815301076,1909f56bfc062723c751e8b465ee728b)
Start importing Assets/Dark UI/Prefabs Buttons/Ranking Button.prefab using Guid(7d456eabe338b954cad35537f8d6df48) Importer(815301076,1909f56bfc062723c751e8b465ee728b)  -> (artifact id: '39c93e9a34e9cb5fbaf5c653dc35ec42') in 0.006105 seconds 
========================================================================
Received Import Request.
  Time since last request: 0.000122 seconds.
  path: Assets/Dark UI/Prefabs Buttons/Sound.prefab
  artifactKey: Guid(d947ddc741aa3a6449282c7c95088032) Importer(815301076,1909f56bfc062723c751e8b465ee728b)
Start importing Assets/Dark UI/Prefabs Buttons/Sound.prefab using Guid(d947ddc741aa3a6449282c7c95088032) Importer(815301076,1909f56bfc062723c751e8b465ee728b)  -> (artifact id: 'e098555456b34230a28bb3d100497701') in 0.009132 seconds 
========================================================================
Received Import Request.
  Time since last request: 0.000093 seconds.
  path: Assets/Dark UI/Prefabs Buttons/Notification.prefab
  artifactKey: Guid(9b93e0873a7ba034697ab5143e50d1c8) Importer(815301076,1909f56bfc062723c751e8b465ee728b)
Start importing Assets/Dark UI/Prefabs Buttons/Notification.prefab using Guid(9b93e0873a7ba034697ab5143e50d1c8) Importer(815301076,1909f56bfc062723c751e8b465ee728b)  -> (artifact id: 'c00f0900ddd729faf78b2a5972eb219c') in 0.006821 seconds 
========================================================================
Received Import Request.
  Time since last request: 0.000124 seconds.
  path: Assets/Dark UI/Prefabs Buttons/Play Button.prefab
  artifactKey: Guid(d0329f7d2e9d3ff4c8a0abd462dd43da) Importer(815301076,1909f56bfc062723c751e8b465ee728b)
Start importing Assets/Dark UI/Prefabs Buttons/Play Button.prefab using Guid(d0329f7d2e9d3ff4c8a0abd462dd43da) Importer(815301076,1909f56bfc062723c751e8b465ee728b)  -> (artifact id: '324e973a8468060e85680b5e922d05e1') in 0.005820 seconds 
========================================================================
Received Import Request.
  Time since last request: 0.000074 seconds.
  path: Assets/Dark UI/Prefabs Buttons/Send Hearts BTN.prefab
  artifactKey: Guid(b8c0210eb1b69384582a552cf8f93406) Importer(815301076,1909f56bfc062723c751e8b465ee728b)
Start importing Assets/Dark UI/Prefabs Buttons/Send Hearts BTN.prefab using Guid(b8c0210eb1b69384582a552cf8f93406) Importer(815301076,1909f56bfc062723c751e8b465ee728b)  -> (artifact id: '86e36fc59ffa27ad93d638055ddad34e') in 0.009789 seconds 
========================================================================
Received Import Request.
  Time since last request: 0.000200 seconds.
  path: Assets/Dark UI/Prefabs Buttons/Facebook Button.prefab
  artifactKey: Guid(fe1076d766d39e048a7910acb1181de1) Importer(815301076,1909f56bfc062723c751e8b465ee728b)
Start importing Assets/Dark UI/Prefabs Buttons/Facebook Button.prefab using Guid(fe1076d766d39e048a7910acb1181de1) Importer(815301076,1909f56bfc062723c751e8b465ee728b)  -> (artifact id: '95e204ba36adbf28f39d79fe33fd8480') in 0.010157 seconds 
========================================================================
Received Import Request.
  Time since last request: 0.000104 seconds.
  path: Assets/Dark UI/Prefabs Buttons/Info Button.prefab
  artifactKey: Guid(54438c6f0e116ac4eb3b7f02368e4ccc) Importer(815301076,1909f56bfc062723c751e8b465ee728b)
Start importing Assets/Dark UI/Prefabs Buttons/Info Button.prefab using Guid(54438c6f0e116ac4eb3b7f02368e4ccc) Importer(815301076,1909f56bfc062723c751e8b465ee728b)  -> (artifact id: '9d2f8efd178f6b2d5f6ae64e9100bc15') in 0.007270 seconds 
========================================================================
Received Import Request.
  Time since last request: 0.000192 seconds.
  path: Assets/Dark UI/Prefabs Buttons/Item List.prefab
  artifactKey: Guid(a07de068baebd3d4284ee0c354168d13) Importer(815301076,1909f56bfc062723c751e8b465ee728b)
Start importing Assets/Dark UI/Prefabs Buttons/Item List.prefab using Guid(a07de068baebd3d4284ee0c354168d13) Importer(815301076,1909f56bfc062723c751e8b465ee728b)  -> (artifact id: 'cd7b478dc9e761595621232131e27f97') in 0.008221 seconds 
========================================================================
Received Import Request.
  Time since last request: 0.000079 seconds.
  path: Assets/Dark UI/Prefabs Buttons/Content 1.prefab
  artifactKey: Guid(61925a4a4e99004479415255739c736d) Importer(815301076,1909f56bfc062723c751e8b465ee728b)
Start importing Assets/Dark UI/Prefabs Buttons/Content 1.prefab using Guid(61925a4a4e99004479415255739c736d) Importer(815301076,1909f56bfc062723c751e8b465ee728b)  -> (artifact id: 'd596826adc136b09efc8eb34c3df07ec') in 0.007091 seconds 
========================================================================
Received Import Request.
  Time since last request: 0.000083 seconds.
  path: Assets/Dark UI/Prefabs Buttons/Inventory Button.prefab
  artifactKey: Guid(767d54a212d487e4b810ed9a97bdb865) Importer(815301076,1909f56bfc062723c751e8b465ee728b)
Start importing Assets/Dark UI/Prefabs Buttons/Inventory Button.prefab using Guid(767d54a212d487e4b810ed9a97bdb865) Importer(815301076,1909f56bfc062723c751e8b465ee728b)  -> (artifact id: '9587b1fe9f6d24da6b86598b52189c33') in 0.007526 seconds 
========================================================================
Received Import Request.
  Time since last request: 0.000107 seconds.
  path: Assets/Dark UI/Prefabs Buttons/Missions Button.prefab
  artifactKey: Guid(a6d2d0815e8bd9846afeb0205f0f5ea6) Importer(815301076,1909f56bfc062723c751e8b465ee728b)
Start importing Assets/Dark UI/Prefabs Buttons/Missions Button.prefab using Guid(a6d2d0815e8bd9846afeb0205f0f5ea6) Importer(815301076,1909f56bfc062723c751e8b465ee728b)  -> (artifact id: 'cb5928e3bb5d7b784b5708500889e679') in 0.009993 seconds 
========================================================================
Received Import Request.
  Time since last request: 0.000085 seconds.
  path: Assets/Dark UI/Prefabs Buttons/Settings Button.prefab
  artifactKey: Guid(c996fd272fe74104f85efe41552eb389) Importer(815301076,1909f56bfc062723c751e8b465ee728b)
Start importing Assets/Dark UI/Prefabs Buttons/Settings Button.prefab using Guid(c996fd272fe74104f85efe41552eb389) Importer(815301076,1909f56bfc062723c751e8b465ee728b)  -> (artifact id: '552d96ea83971d24def7e1331ee43e09') in 0.005367 seconds 
========================================================================
Received Prepare
Registering precompiled user dll's ...
Registered in 0.004303 seconds.
Begin MonoManager ReloadAssembly
Symbol file LoadedFromMemory doesn't match image /Users/mucheng/Desktop/NEU/Research/VRDevelopment/VR DoE App/Library/PackageCache/com.unity.visualscripting@1.7.6/Editor/VisualScripting.Core/Dependencies/YamlDotNet/Unity.VisualScripting.YamlDotNet.dll
Symbol file LoadedFromMemory doesn't match image /Users/mucheng/Desktop/NEU/Research/VRDevelopment/VR DoE App/Library/PackageCache/com.unity.visualscripting@1.7.6/Editor/VisualScripting.Core/Dependencies/DotNetZip/Unity.VisualScripting.IonicZip.dll
Native extension for iOS target not found
Native extension for Android target not found
Native extension for OSXStandalone target not found
Refreshing native plugins compatible for Editor in 0.76 ms, found 2 plugins.
Preloading 0 native plugins for Editor in 0.00 ms.
Mono: successfully reloaded assembly
- Completed reload, in  2.774 seconds
Domain Reload Profiling:
	ReloadAssembly (2776ms)
		BeginReloadAssembly (839ms)
			ExecutionOrderSort (0ms)
			DisableScriptedObjects (22ms)
			BackupInstance (0ms)
			ReleaseScriptingObjects (0ms)
			CreateAndSetChildDomain (378ms)
		EndReloadAssembly (1671ms)
			LoadAssemblies (345ms)
			RebuildTransferFunctionScriptingTraits (0ms)
			SetupTypeCache (704ms)
			ReleaseScriptCaches (1ms)
			RebuildScriptCaches (115ms)
			SetupLoadedEditorAssemblies (631ms)
				LogAssemblyErrors (0ms)
				InitializePlatformSupportModulesInManaged (74ms)
				SetLoadedEditorAssemblies (1ms)
				RefreshPlugins (1ms)
				BeforeProcessingInitializeOnLoad (92ms)
				ProcessInitializeOnLoadAttributes (403ms)
				ProcessInitializeOnLoadMethodAttributes (57ms)
				AfterProcessingInitializeOnLoad (2ms)
				EditorAssembliesLoaded (0ms)
			ExecutionOrderSort2 (0ms)
			AwakeInstancesAfterBackupRestoration (8ms)
Platform modules already initialized, skipping
Refreshing native plugins compatible for Editor in 3.02 ms, found 2 plugins.
Preloading 0 native plugins for Editor in 0.00 ms.
Unloading 3355 Unused Serialized files (Serialized files now loaded: 0)
Unloading 23 unused Assets / (74.8 KB). Loaded Objects now: 3824.
Memory consumption went from 234.4 MB to 234.3 MB.
Total: 5.586469 ms (FindLiveObjects: 0.397926 ms CreateObjectMapping: 0.258717 ms MarkObjects: 4.684092 ms  DeleteObjects: 0.244248 ms)

AssetImportParameters requested are different than current active one (requested -> active):
  custom:video-decoder-ogg-theora: a1e56fd34408186e4bbccfd4996cb3dc -> 
  custom:container-muxer-webm: aa71ff27fc2769a1b78a27578f13a17b -> 
  custom:container-demuxer-webm: 4f35f7cbe854078d1ac9338744f61a02 -> 
  custom:video-encoder-webm-vp8: eb34c28f22e8b96e1ab97ce403110664 -> 
  custom:framework-osx-AVFoundation: e770b220cccbd017edd2c1fefb359320 -> 
  custom:audio-encoder-webm-vorbis: bf7c407c2cedff20999df2af8eb42d56 -> 
  custom:container-demuxer-ogg: 62fdf1f143b41e24485cea50d1cbac27 -> 
  custom:video-decoder-webm-vp8: 9c59270c3fd7afecdb556c50c9e8de78 -> 
  custom:audio-decoder-ogg-vorbis: bf7c407c2cedff20999df2af8eb42d56 -> 
========================================================================
Received Prepare
Registering precompiled user dll's ...
Registered in 0.006882 seconds.
Begin MonoManager ReloadAssembly
Symbol file LoadedFromMemory doesn't match image /Users/mucheng/Desktop/NEU/Research/VRDevelopment/VR DoE App/Library/PackageCache/com.unity.visualscripting@1.7.6/Editor/VisualScripting.Core/Dependencies/YamlDotNet/Unity.VisualScripting.YamlDotNet.dll
Symbol file LoadedFromMemory doesn't match image /Users/mucheng/Desktop/NEU/Research/VRDevelopment/VR DoE App/Library/PackageCache/com.unity.visualscripting@1.7.6/Editor/VisualScripting.Core/Dependencies/DotNetZip/Unity.VisualScripting.IonicZip.dll
Native extension for iOS target not found
Native extension for Android target not found
Native extension for OSXStandalone target not found
Refreshing native plugins compatible for Editor in 6.66 ms, found 2 plugins.
Preloading 0 native plugins for Editor in 0.00 ms.
Mono: successfully reloaded assembly
- Completed reload, in  3.064 seconds
Domain Reload Profiling:
	ReloadAssembly (3065ms)
		BeginReloadAssembly (309ms)
			ExecutionOrderSort (0ms)
			DisableScriptedObjects (13ms)
			BackupInstance (0ms)
			ReleaseScriptingObjects (0ms)
			CreateAndSetChildDomain (149ms)
		EndReloadAssembly (2522ms)
			LoadAssemblies (135ms)
			RebuildTransferFunctionScriptingTraits (0ms)
			SetupTypeCache (863ms)
			ReleaseScriptCaches (2ms)
			RebuildScriptCaches (122ms)
			SetupLoadedEditorAssemblies (1258ms)
				LogAssemblyErrors (0ms)
				InitializePlatformSupportModulesInManaged (174ms)
				SetLoadedEditorAssemblies (3ms)
				RefreshPlugins (7ms)
				BeforeProcessingInitializeOnLoad (136ms)
				ProcessInitializeOnLoadAttributes (854ms)
				ProcessInitializeOnLoadMethodAttributes (82ms)
				AfterProcessingInitializeOnLoad (2ms)
				EditorAssembliesLoaded (0ms)
			ExecutionOrderSort2 (0ms)
			AwakeInstancesAfterBackupRestoration (7ms)
Platform modules already initialized, skipping
Refreshing native plugins compatible for Editor in 4.24 ms, found 2 plugins.
Preloading 0 native plugins for Editor in 0.00 ms.
Unloading 3355 Unused Serialized files (Serialized files now loaded: 0)
Unloading 19 unused Assets / (94.1 KB). Loaded Objects now: 3827.
Memory consumption went from 234.9 MB to 234.8 MB.
Total: 13.151555 ms (FindLiveObjects: 0.634492 ms CreateObjectMapping: 0.615273 ms MarkObjects: 11.608558 ms  DeleteObjects: 0.291382 ms)

AssetImportParameters requested are different than current active one (requested -> active):
  custom:video-decoder-ogg-theora: a1e56fd34408186e4bbccfd4996cb3dc -> 
  custom:container-muxer-webm: aa71ff27fc2769a1b78a27578f13a17b -> 
  custom:container-demuxer-webm: 4f35f7cbe854078d1ac9338744f61a02 -> 
  custom:video-encoder-webm-vp8: eb34c28f22e8b96e1ab97ce403110664 -> 
  custom:framework-osx-AVFoundation: e770b220cccbd017edd2c1fefb359320 -> 
  custom:audio-encoder-webm-vorbis: bf7c407c2cedff20999df2af8eb42d56 -> 
  custom:container-demuxer-ogg: 62fdf1f143b41e24485cea50d1cbac27 -> 
  custom:video-decoder-webm-vp8: 9c59270c3fd7afecdb556c50c9e8de78 -> 
  custom:audio-decoder-ogg-vorbis: bf7c407c2cedff20999df2af8eb42d56 -> 
========================================================================
Received Prepare
Registering precompiled user dll's ...
Registered in 0.006251 seconds.
Begin MonoManager ReloadAssembly
Symbol file LoadedFromMemory doesn't match image /Users/mucheng/Desktop/NEU/Research/VRDevelopment/VR DoE App/Library/PackageCache/com.unity.visualscripting@1.7.6/Editor/VisualScripting.Core/Dependencies/YamlDotNet/Unity.VisualScripting.YamlDotNet.dll
Symbol file LoadedFromMemory doesn't match image /Users/mucheng/Desktop/NEU/Research/VRDevelopment/VR DoE App/Library/PackageCache/com.unity.visualscripting@1.7.6/Editor/VisualScripting.Core/Dependencies/DotNetZip/Unity.VisualScripting.IonicZip.dll
Native extension for iOS target not found
Native extension for Android target not found
Native extension for OSXStandalone target not found
Refreshing native plugins compatible for Editor in 1.23 ms, found 2 plugins.
Preloading 0 native plugins for Editor in 0.00 ms.
Mono: successfully reloaded assembly
- Completed reload, in  2.349 seconds
Domain Reload Profiling:
	ReloadAssembly (2351ms)
		BeginReloadAssembly (258ms)
			ExecutionOrderSort (0ms)
			DisableScriptedObjects (16ms)
			BackupInstance (0ms)
			ReleaseScriptingObjects (0ms)
			CreateAndSetChildDomain (106ms)
		EndReloadAssembly (1869ms)
			LoadAssemblies (120ms)
			RebuildTransferFunctionScriptingTraits (0ms)
			SetupTypeCache (748ms)
			ReleaseScriptCaches (2ms)
			RebuildScriptCaches (100ms)
			SetupLoadedEditorAssemblies (748ms)
				LogAssemblyErrors (0ms)
				InitializePlatformSupportModulesInManaged (67ms)
				SetLoadedEditorAssemblies (1ms)
				RefreshPlugins (1ms)
				BeforeProcessingInitializeOnLoad (166ms)
				ProcessInitializeOnLoadAttributes (463ms)
				ProcessInitializeOnLoadMethodAttributes (48ms)
				AfterProcessingInitializeOnLoad (2ms)
				EditorAssembliesLoaded (0ms)
			ExecutionOrderSort2 (0ms)
			AwakeInstancesAfterBackupRestoration (7ms)
Platform modules already initialized, skipping
Refreshing native plugins compatible for Editor in 1.38 ms, found 2 plugins.
Preloading 0 native plugins for Editor in 0.00 ms.
Unloading 3402 Unused Serialized files (Serialized files now loaded: 0)
Unloading 32 unused Assets / (0.7 MB). Loaded Objects now: 3864.
Memory consumption went from 238.3 MB to 237.6 MB.
Total: 4.487335 ms (FindLiveObjects: 0.371339 ms CreateObjectMapping: 0.260438 ms MarkObjects: 3.435534 ms  DeleteObjects: 0.418821 ms)

AssetImportParameters requested are different than current active one (requested -> active):
  custom:video-decoder-ogg-theora: a1e56fd34408186e4bbccfd4996cb3dc -> 
  custom:container-muxer-webm: aa71ff27fc2769a1b78a27578f13a17b -> 
  custom:container-demuxer-webm: 4f35f7cbe854078d1ac9338744f61a02 -> 
  custom:video-encoder-webm-vp8: eb34c28f22e8b96e1ab97ce403110664 -> 
  custom:framework-osx-AVFoundation: e770b220cccbd017edd2c1fefb359320 -> 
  custom:audio-encoder-webm-vorbis: bf7c407c2cedff20999df2af8eb42d56 -> 
  custom:container-demuxer-ogg: 62fdf1f143b41e24485cea50d1cbac27 -> 
  custom:video-decoder-webm-vp8: 9c59270c3fd7afecdb556c50c9e8de78 -> 
  custom:audio-decoder-ogg-vorbis: bf7c407c2cedff20999df2af8eb42d56 -> 
========================================================================
Received Import Request.
  Time since last request: 4408.119482 seconds.
  path: Assets/TextMesh Pro/Resources/Fonts & Materials/LiberationSans SDF - Drop Shadow.mat
  artifactKey: Guid(e73a58f6e2794ae7b1b7e50b7fb811b0) Importer(815301076,1909f56bfc062723c751e8b465ee728b)
Start importing Assets/TextMesh Pro/Resources/Fonts & Materials/LiberationSans SDF - Drop Shadow.mat using Guid(e73a58f6e2794ae7b1b7e50b7fb811b0) Importer(815301076,1909f56bfc062723c751e8b465ee728b)  -> (artifact id: '8c1e65399350a9387e11de655a05ac51') in 3.246001 seconds 
========================================================================
Received Import Request.
  Time since last request: 0.000705 seconds.
  path: Assets/TextMesh Pro/Resources/Fonts & Materials/LiberationSans SDF - Outline.mat
  artifactKey: Guid(79459efec17a4d00a321bdcc27bbc385) Importer(815301076,1909f56bfc062723c751e8b465ee728b)
Start importing Assets/TextMesh Pro/Resources/Fonts & Materials/LiberationSans SDF - Outline.mat using Guid(79459efec17a4d00a321bdcc27bbc385) Importer(815301076,1909f56bfc062723c751e8b465ee728b)  -> (artifact id: '532c864bf925f6d6a701a58677292010') in 0.237508 seconds 
========================================================================
Received Import Request.
  Time since last request: 0.000084 seconds.
  path: Assets/TextMesh Pro/Resources/Fonts & Materials/LiberationSans SDF - Fallback.asset
  artifactKey: Guid(2e498d1c8094910479dc3e1b768306a4) Importer(815301076,1909f56bfc062723c751e8b465ee728b)
Start importing Assets/TextMesh Pro/Resources/Fonts & Materials/LiberationSans SDF - Fallback.asset using Guid(2e498d1c8094910479dc3e1b768306a4) Importer(815301076,1909f56bfc062723c751e8b465ee728b)  -> (artifact id: '0138cb4aa5841fa638db31bc22925da3') in 0.390693 seconds 
========================================================================
Received Import Request.
  Time since last request: 0.000095 seconds.
  path: Assets/TextMesh Pro/Resources/Fonts & Materials/LiberationSans SDF.asset
  artifactKey: Guid(8f586378b4e144a9851e7b34d9b748ee) Importer(815301076,1909f56bfc062723c751e8b465ee728b)
Start importing Assets/TextMesh Pro/Resources/Fonts & Materials/LiberationSans SDF.asset using Guid(8f586378b4e144a9851e7b34d9b748ee) Importer(815301076,1909f56bfc062723c751e8b465ee728b)  -> (artifact id: '4b340bf4b8ece5798fe5bca6a24d3832') in 0.094795 seconds 
========================================================================
Received Import Request.
  Time since last request: 240.919954 seconds.
  path: Assets/Fonts
  artifactKey: Guid(77f8b395b5cb3495ab6ba1add8f5f03e) Importer(815301076,1909f56bfc062723c751e8b465ee728b)
Start importing Assets/Fonts using Guid(77f8b395b5cb3495ab6ba1add8f5f03e) Importer(815301076,1909f56bfc062723c751e8b465ee728b)  -> (artifact id: '207714f517bed240b99fd44c794ff9ac') in 0.001695 seconds 
========================================================================
Received Import Request.
  Time since last request: 40.198032 seconds.
  path: Assets/Fonts/Open_Sans
  artifactKey: Guid(ce1b7582ba01847d1a1c20577f6fe379) Importer(815301076,1909f56bfc062723c751e8b465ee728b)
Start importing Assets/Fonts/Open_Sans using Guid(ce1b7582ba01847d1a1c20577f6fe379) Importer(815301076,1909f56bfc062723c751e8b465ee728b)  -> (artifact id: '0e928d0e5d149bb3c549b38014898930') in 0.002236 seconds 
========================================================================
Received Import Request.
  Time since last request: 0.092349 seconds.
  path: Assets/Fonts/Open_Sans/OpenSans-Italic-VariableFont_wdth,wght.ttf
  artifactKey: Guid(b948b7ec0b23b4c8ab2534002416f618) Importer(815301076,1909f56bfc062723c751e8b465ee728b)
Start importing Assets/Fonts/Open_Sans/OpenSans-Italic-VariableFont_wdth,wght.ttf using Guid(b948b7ec0b23b4c8ab2534002416f618) Importer(815301076,1909f56bfc062723c751e8b465ee728b)  -> (artifact id: '605d77ebcecaec5ab563a67dbe64f2fb') in 2.659024 seconds 
========================================================================
Received Import Request.
  Time since last request: 0.000081 seconds.
  path: Assets/Fonts/Open_Sans/OpenSans-VariableFont_wdth,wght.ttf
  artifactKey: Guid(0edf3b99def9b4c72af3e11aac7df4c5) Importer(815301076,1909f56bfc062723c751e8b465ee728b)
Start importing Assets/Fonts/Open_Sans/OpenSans-VariableFont_wdth,wght.ttf using Guid(0edf3b99def9b4c72af3e11aac7df4c5) Importer(815301076,1909f56bfc062723c751e8b465ee728b)  -> (artifact id: 'a0f1d740d512c939e81ca5dbc0fe17cc') in 0.068553 seconds 
========================================================================
Received Import Request.
  Time since last request: 8.634884 seconds.
  path: Assets/Fonts/Open_Sans/OpenSans-Italic-VariableFont_wdth,wght SDF.asset
  artifactKey: Guid(caddd8c7553f247c5be2814f17ec93ac) Importer(815301076,1909f56bfc062723c751e8b465ee728b)
Start importing Assets/Fonts/Open_Sans/OpenSans-Italic-VariableFont_wdth,wght SDF.asset using Guid(caddd8c7553f247c5be2814f17ec93ac) Importer(815301076,1909f56bfc062723c751e8b465ee728b)  -> (artifact id: '2a0dd1a5fb8e5c9ad8705ffa5fe6bc3c') in 0.144522 seconds 
========================================================================
Received Import Request.
  Time since last request: 16.382340 seconds.
  path: Assets/TextMesh Pro/Examples & Extras/Resources/Fonts & Materials/Bangers SDF.asset
  artifactKey: Guid(125cb55b44b24c4393181402bc6200e6) Importer(815301076,1909f56bfc062723c751e8b465ee728b)
Start importing Assets/TextMesh Pro/Examples & Extras/Resources/Fonts & Materials/Bangers SDF.asset using Guid(125cb55b44b24c4393181402bc6200e6) Importer(815301076,1909f56bfc062723c751e8b465ee728b)  -> (artifact id: 'f036ba19fdf7f5e2d862a6b0c9c1c4a0') in 0.285892 seconds 
========================================================================
Received Import Request.
  Time since last request: 0.000085 seconds.
  path: Assets/TextMesh Pro/Examples & Extras/Resources/Fonts & Materials/Electronic Highway Sign SDF.asset
  artifactKey: Guid(dc36b3fdc14f47ebb36fd484a67e268a) Importer(815301076,1909f56bfc062723c751e8b465ee728b)
Start importing Assets/TextMesh Pro/Examples & Extras/Resources/Fonts & Materials/Electronic Highway Sign SDF.asset using Guid(dc36b3fdc14f47ebb36fd484a67e268a) Importer(815301076,1909f56bfc062723c751e8b465ee728b)  -> (artifact id: 'f4b6ca446c087f816a6248ca1e1f8869') in 0.048702 seconds 
========================================================================
Received Import Request.
  Time since last request: 0.000075 seconds.
  path: Assets/TextMesh Pro/Examples & Extras/Resources/Fonts & Materials/Roboto-Bold SDF.asset
  artifactKey: Guid(5302535af1044152a457ed104f1f4b91) Importer(815301076,1909f56bfc062723c751e8b465ee728b)
Start importing Assets/TextMesh Pro/Examples & Extras/Resources/Fonts & Materials/Roboto-Bold SDF.asset using Guid(5302535af1044152a457ed104f1f4b91) Importer(815301076,1909f56bfc062723c751e8b465ee728b)  -> (artifact id: '9c5265c17b2cde1269a6aa07c2185323') in 0.076580 seconds 
========================================================================
Received Import Request.
  Time since last request: 0.000116 seconds.
  path: Assets/TextMesh Pro/Examples & Extras/Resources/Fonts & Materials/Oswald Bold SDF.asset
  artifactKey: Guid(0161d805a3764c089bef00bfe00793f5) Importer(815301076,1909f56bfc062723c751e8b465ee728b)
Start importing Assets/TextMesh Pro/Examples & Extras/Resources/Fonts & Materials/Oswald Bold SDF.asset using Guid(0161d805a3764c089bef00bfe00793f5) Importer(815301076,1909f56bfc062723c751e8b465ee728b)  -> (artifact id: '80afa96f0117efd2eb25d3bd1c2fa431') in 0.050914 seconds 
========================================================================
Received Import Request.
  Time since last request: 1.040015 seconds.
  path: Assets/TextMesh Pro/Examples & Extras/Resources/Fonts & Materials/Anton SDF.asset
  artifactKey: Guid(8a89fa14b10d46a99122fd4f73fca9a2) Importer(815301076,1909f56bfc062723c751e8b465ee728b)
Start importing Assets/TextMesh Pro/Examples & Extras/Resources/Fonts & Materials/Anton SDF.asset using Guid(8a89fa14b10d46a99122fd4f73fca9a2) Importer(815301076,1909f56bfc062723c751e8b465ee728b)  -> (artifact id: 'c64e23d336f1ab1a33695b7fe1e4648d') in 0.033878 seconds 
========================================================================
Received Import Request.
  Time since last request: 9.657698 seconds.
  path: Assets/TextMesh Pro/Resources/TMP Settings.asset
  artifactKey: Guid(3f5b5dff67a942289a9defa416b206f3) Importer(815301076,1909f56bfc062723c751e8b465ee728b)
Start importing Assets/TextMesh Pro/Resources/TMP Settings.asset using Guid(3f5b5dff67a942289a9defa416b206f3) Importer(815301076,1909f56bfc062723c751e8b465ee728b)  -> (artifact id: '7d39d3b365ae06f4a5d582e5614ba55e') in 0.096778 seconds 
========================================================================
Received Import Request.
  Time since last request: 105.771965 seconds.
  path: Assets/Fonts/Open_Sans/static
  artifactKey: Guid(1a178446933794f50b10be044b5c528f) Importer(815301076,1909f56bfc062723c751e8b465ee728b)
Start importing Assets/Fonts/Open_Sans/static using Guid(1a178446933794f50b10be044b5c528f) Importer(815301076,1909f56bfc062723c751e8b465ee728b)  -> (artifact id: 'c60d114d4f3a523bf0dec4d9a78edf53') in 0.006030 seconds 
========================================================================
Received Import Request.
  Time since last request: 1.367120 seconds.
  path: Assets/Fonts/Open_Sans/static/OpenSans
  artifactKey: Guid(cfaddc18131b0426aaa16c9ef008d0f6) Importer(815301076,1909f56bfc062723c751e8b465ee728b)
Start importing Assets/Fonts/Open_Sans/static/OpenSans using Guid(cfaddc18131b0426aaa16c9ef008d0f6) Importer(815301076,1909f56bfc062723c751e8b465ee728b)  -> (artifact id: '8c31bd57943d90cfeceb287ae595f7b5') in 0.006701 seconds 
========================================================================
Received Import Request.
  Time since last request: 0.080607 seconds.
  path: Assets/Fonts/Open_Sans/static/OpenSans/OpenSans-Bold.ttf
  artifactKey: Guid(9bfcd1512f7d047ab97a0ca47085d778) Importer(815301076,1909f56bfc062723c751e8b465ee728b)
Start importing Assets/Fonts/Open_Sans/static/OpenSans/OpenSans-Bold.ttf using Guid(9bfcd1512f7d047ab97a0ca47085d778) Importer(815301076,1909f56bfc062723c751e8b465ee728b)  -> (artifact id: 'ff87e62b2b6a8b56c164c1f0fa5706a3') in 0.030932 seconds 
========================================================================
Received Import Request.
  Time since last request: 0.000088 seconds.
  path: Assets/Fonts/Open_Sans/static/OpenSans/OpenSans-MediumItalic.ttf
  artifactKey: Guid(295d5a705fa784089ad8b9067f3f264b) Importer(815301076,1909f56bfc062723c751e8b465ee728b)
Start importing Assets/Fonts/Open_Sans/static/OpenSans/OpenSans-MediumItalic.ttf using Guid(295d5a705fa784089ad8b9067f3f264b) Importer(815301076,1909f56bfc062723c751e8b465ee728b)  -> (artifact id: 'd47c5964ddf3688049b2f41a6bdec261') in 0.029178 seconds 
========================================================================
Received Import Request.
  Time since last request: 0.000103 seconds.
  path: Assets/Fonts/Open_Sans/static/OpenSans/OpenSans-Light.ttf
  artifactKey: Guid(9efdd47f4c0d84ffab0522dc0066569a) Importer(815301076,1909f56bfc062723c751e8b465ee728b)
Start importing Assets/Fonts/Open_Sans/static/OpenSans/OpenSans-Light.ttf using Guid(9efdd47f4c0d84ffab0522dc0066569a) Importer(815301076,1909f56bfc062723c751e8b465ee728b)  -> (artifact id: 'ee0ad7334c186e782e40ae0eae3903ce') in 0.035060 seconds 
========================================================================
Received Import Request.
  Time since last request: 0.000141 seconds.
  path: Assets/Fonts/Open_Sans/static/OpenSans/OpenSans-ExtraBold.ttf
  artifactKey: Guid(a92285f6b9fda4c72823efc273c47dc3) Importer(815301076,1909f56bfc062723c751e8b465ee728b)
Start importing Assets/Fonts/Open_Sans/static/OpenSans/OpenSans-ExtraBold.ttf using Guid(a92285f6b9fda4c72823efc273c47dc3) Importer(815301076,1909f56bfc062723c751e8b465ee728b)  -> (artifact id: '84b8274fe7a47865a0e31d64c632b407') in 0.032074 seconds 
========================================================================
Received Import Request.
  Time since last request: 0.000095 seconds.
  path: Assets/Fonts/Open_Sans/static/OpenSans/OpenSans-Medium.ttf
  artifactKey: Guid(3402c267d5db446a89f77a3e9f43bdc0) Importer(815301076,1909f56bfc062723c751e8b465ee728b)
Start importing Assets/Fonts/Open_Sans/static/OpenSans/OpenSans-Medium.ttf using Guid(3402c267d5db446a89f77a3e9f43bdc0) Importer(815301076,1909f56bfc062723c751e8b465ee728b)  -> (artifact id: 'bbecedc46887b978a5613f01100caaaa') in 0.022190 seconds 
========================================================================
Received Import Request.
  Time since last request: 0.000114 seconds.
  path: Assets/Fonts/Open_Sans/static/OpenSans/OpenSans-Italic.ttf
  artifactKey: Guid(91c304c966cb04b9d97d994c28f7d22b) Importer(815301076,1909f56bfc062723c751e8b465ee728b)
Start importing Assets/Fonts/Open_Sans/static/OpenSans/OpenSans-Italic.ttf using Guid(91c304c966cb04b9d97d994c28f7d22b) Importer(815301076,1909f56bfc062723c751e8b465ee728b)  -> (artifact id: 'e44fc9df5ff2ddce43a6ba33a1b131aa') in 0.039223 seconds 
========================================================================
Received Import Request.
  Time since last request: 0.000120 seconds.
  path: Assets/Fonts/Open_Sans/static/OpenSans/OpenSans-BoldItalic.ttf
  artifactKey: Guid(ae3beb305af084e41a7672f7e9bc3a5e) Importer(815301076,1909f56bfc062723c751e8b465ee728b)
Start importing Assets/Fonts/Open_Sans/static/OpenSans/OpenSans-BoldItalic.ttf using Guid(ae3beb305af084e41a7672f7e9bc3a5e) Importer(815301076,1909f56bfc062723c751e8b465ee728b)  -> (artifact id: 'ecd82fae9c8265e7c174fbce702635d4') in 0.042016 seconds 
========================================================================
Received Import Request.
  Time since last request: 0.000221 seconds.
  path: Assets/Fonts/Open_Sans/static/OpenSans/OpenSans-SemiBoldItalic.ttf
  artifactKey: Guid(d4464250ee7c94b8db292eafe374d54c) Importer(815301076,1909f56bfc062723c751e8b465ee728b)
Start importing Assets/Fonts/Open_Sans/static/OpenSans/OpenSans-SemiBoldItalic.ttf using Guid(d4464250ee7c94b8db292eafe374d54c) Importer(815301076,1909f56bfc062723c751e8b465ee728b)  -> (artifact id: 'e396b8d27cbc48effcfea44ce0dffcd8') in 0.055431 seconds 
========================================================================
Received Import Request.
  Time since last request: 0.000980 seconds.
  path: Assets/Fonts/Open_Sans/static/OpenSans/OpenSans-ExtraBoldItalic.ttf
  artifactKey: Guid(0a88d412ca2304b31a6bbe559af50743) Importer(815301076,1909f56bfc062723c751e8b465ee728b)
Start importing Assets/Fonts/Open_Sans/static/OpenSans/OpenSans-ExtraBoldItalic.ttf using Guid(0a88d412ca2304b31a6bbe559af50743) Importer(815301076,1909f56bfc062723c751e8b465ee728b)  -> (artifact id: '9adc570bb96bebc414cdb99619ef40bb') in 0.036873 seconds 
========================================================================
Received Import Request.
  Time since last request: 0.000355 seconds.
  path: Assets/Fonts/Open_Sans/static/OpenSans/OpenSans-Regular.ttf
  artifactKey: Guid(3b5084b57bf1943f9a70f3dd360c90d5) Importer(815301076,1909f56bfc062723c751e8b465ee728b)
Start importing Assets/Fonts/Open_Sans/static/OpenSans/OpenSans-Regular.ttf using Guid(3b5084b57bf1943f9a70f3dd360c90d5) Importer(815301076,1909f56bfc062723c751e8b465ee728b)  -> (artifact id: '0a5ed2e2124f151c0732e54b4810063e') in 0.049126 seconds 
========================================================================
Received Import Request.
  Time since last request: 0.000153 seconds.
  path: Assets/Fonts/Open_Sans/static/OpenSans/OpenSans-SemiBold.ttf
  artifactKey: Guid(faff758f6ecec44ef8e679fbd294ad3c) Importer(815301076,1909f56bfc062723c751e8b465ee728b)
Start importing Assets/Fonts/Open_Sans/static/OpenSans/OpenSans-SemiBold.ttf using Guid(faff758f6ecec44ef8e679fbd294ad3c) Importer(815301076,1909f56bfc062723c751e8b465ee728b)  -> (artifact id: '8ae17354d661e8cad0bcbc16039479d4') in 0.035641 seconds 
========================================================================
Received Import Request.
  Time since last request: 0.000166 seconds.
  path: Assets/Fonts/Open_Sans/static/OpenSans/OpenSans-LightItalic.ttf
  artifactKey: Guid(4ce8895b863c2444aa48498b23740b8f) Importer(815301076,1909f56bfc062723c751e8b465ee728b)
Start importing Assets/Fonts/Open_Sans/static/OpenSans/OpenSans-LightItalic.ttf using Guid(4ce8895b863c2444aa48498b23740b8f) Importer(815301076,1909f56bfc062723c751e8b465ee728b)  -> (artifact id: '6100bc55fd329cd214863327acd9c95c') in 0.031517 seconds 
========================================================================
Received Import Request.
  Time since last request: 13.557561 seconds.
  path: Assets/Fonts/Open_Sans/static/OpenSans/OpenSans-Bold SDF.asset
  artifactKey: Guid(0e8ebcec2250a4132850f50514b38b2f) Importer(815301076,1909f56bfc062723c751e8b465ee728b)
Start importing Assets/Fonts/Open_Sans/static/OpenSans/OpenSans-Bold SDF.asset using Guid(0e8ebcec2250a4132850f50514b38b2f) Importer(815301076,1909f56bfc062723c751e8b465ee728b)  -> (artifact id: 'bac421da29be3bc75f7e3635386bebd6') in 0.085316 seconds 
========================================================================
Received Import Request.
  Time since last request: 260.341411 seconds.
  path: Assets/Fonts/Open_Sans/static/OpenSans/OpenSans-Bold SDF.asset
  artifactKey: Guid(0e8ebcec2250a4132850f50514b38b2f) Importer(815301076,1909f56bfc062723c751e8b465ee728b)
Start importing Assets/Fonts/Open_Sans/static/OpenSans/OpenSans-Bold SDF.asset using Guid(0e8ebcec2250a4132850f50514b38b2f) Importer(815301076,1909f56bfc062723c751e8b465ee728b)  -> (artifact id: '55144926568f53262d221806b7e90ac4') in 0.075861 seconds 
